[2026-04-20T11:48:30.255030+00:00] UseInPhpUnit.INFO: Adding a new order {"productId":1101,"size":"S","color":"White","amount":1} []
[2026-04-20T11:48:30.257822+00:00] UseInPhpUnit.INFO: Adding a new order {"productId":1101,"size":"S","color":"White","amount":2} []
[2026-04-20T11:48:30.258725+00:00] UseInPhpUnit.INFO: Adding a new order {"productId":1101,"size":"S","color":"Black","amount":1} []
[2026-04-20T11:48:30.259225+00:00] UseInPhpUnit.INFO: Adding a new order {"productId":1101,"size":"S","color":"Black","amount":2} []
[2026-04-20T11:48:30.259710+00:00] UseInPhpUnit.INFO: Adding a new order {"productId":1101,"size":"M","color":"White","amount":1} []
[2026-04-20T11:48:30.260215+00:00] UseInPhpUnit.INFO: Adding a new order {"productId":1101,"size":"M","color":"White","amount":2} []
[2026-04-20T11:48:30.261087+00:00] UseInPhpUnit.INFO: Adding a new order {"productId":1101,"size":"M","color":"Black","amount":1} []
[2026-04-20T11:48:30.261689+00:00] UseInPhpUnit.INFO: Adding a new order {"productId":1101,"size":"M","color":"Black","amount":2} []
[2026-04-20T11:48:30.262163+00:00] UseInPhpUnit.INFO: Adding a new order {"productId":1101,"size":"L","color":"White","amount":1} []
[2026-04-20T11:48:30.262652+00:00] UseInPhpUnit.INFO: Adding a new order {"productId":1101,"size":"L","color":"White","amount":2} []
[2026-04-20T11:48:30.263097+00:00] UseInPhpUnit.INFO: Adding a new order {"productId":1101,"size":"L","color":"Black","amount":1} []
[2026-04-20T11:48:30.263526+00:00] UseInPhpUnit.INFO: Adding a new order {"productId":1101,"size":"L","color":"Black","amount":2} []
[2026-04-20T11:48:30.263992+00:00] UseInPhpUnit.INFO: Adding a new order {"productId":1102,"size":"S","color":"White","amount":1} []
[2026-04-20T11:48:30.264447+00:00] UseInPhpUnit.INFO: Adding a new order {"productId":1102,"size":"S","color":"White","amount":2} []
[2026-04-20T11:48:30.264902+00:00] UseInPhpUnit.INFO: Adding a new order {"productId":1102,"size":"S","color":"Black","amount":1} []
[2026-04-20T11:48:30.265330+00:00] UseInPhpUnit.INFO: Adding a new order {"productId":1102,"size":"S","color":"Black","amount":2} []
[2026-04-20T11:48:30.265779+00:00] UseInPhpUnit.INFO: Adding a new order {"productId":1102,"size":"M","color":"White","amount":1} []
[2026-04-20T11:48:30.266210+00:00] UseInPhpUnit.INFO: Adding a new order {"productId":1102,"size":"M","color":"White","amount":2} []
[2026-04-20T11:48:30.266634+00:00] UseInPhpUnit.INFO: Adding a new order {"productId":1102,"size":"M","color":"Black","amount":1} []
[2026-04-20T11:48:30.267054+00:00] UseInPhpUnit.INFO: Adding a new order {"productId":1102,"size":"M","color":"Black","amount":2} []
[2026-04-20T11:48:30.267491+00:00] UseInPhpUnit.INFO: Adding a new order {"productId":1102,"size":"L","color":"White","amount":1} []
[2026-04-20T11:48:30.267926+00:00] UseInPhpUnit.INFO: Adding a new order {"productId":1102,"size":"L","color":"White","amount":2} []
[2026-04-20T11:48:30.268358+00:00] UseInPhpUnit.INFO: Adding a new order {"productId":1102,"size":"L","color":"Black","amount":1} []
[2026-04-20T11:48:30.268860+00:00] UseInPhpUnit.INFO: Adding a new order {"productId":1102,"size":"L","color":"Black","amount":2} []
